#
# A fatal error has been detected by the Java Runtime Environment:
#
#  Internal Error (t:/workspace/open/src/hotspot/share/runtime/safepoint.cpp:874), pid=14328, tid=6652
#  fatal error: Deadlock in safepoint code.  Should have called back to the VM before blocking.
#
# JRE version: Java(TM) SE Runtime Environment (12.0.1+12) (build 12.0.1+12)
# Java VM: Java HotSpot(TM) 64-Bit Server VM (12.0.1+12, mixed mode, sharing, tiered, compressed oops, g1 gc, windows-amd64)
# No core dump will be written. Minidumps are not enabled by default on client versions of Windows
#
# If you would like to submit a bug report, please visit:
#   http://bugreport.java.com/bugreport/crash.jsp
#

---------------  S U M M A R Y ------------

Command Line: -Dfile.encoding=windows-1252 -Duser.country=IN -Duser.language=en -Duser.variant MyFrame

Host: Intel(R) Core(TM) i5-8250U CPU @ 1.60GHz, 8 cores, 7G,  Windows 10 , 64 bit Build 18362 (10.0.18362.86)
Time: Sun Jun  9 22:34:19 2019 India Standard Time elapsed time: 0 seconds (0d 0h 0m 0s)

---------------  T H R E A D  ---------------

Current thread (0x00000233ea4ec000):  JavaThread "AWT-EventQueue-0" [_thread_in_native_trans, id=6652, stack(0x0000008296200000,0x0000008296300000)]

Stack: [0x0000008296200000,0x0000008296300000]
Native frames: (J=compiled Java code, j=interpreted, Vv=VM code, C=native code)
V  [jvm.dll+0x63948a]
V  [jvm.dll+0x78b31f]
V  [jvm.dll+0x78c9c1]
V  [jvm.dll+0x78cfc7]
V  [jvm.dll+0x261eb4]
V  [jvm.dll+0x6a203b]
V  [jvm.dll+0x748d46]
V  [jvm.dll+0x146266]
V  [jvm.dll+0x3e0aec]
C  [opencv_java410.dll+0x1b7a61e]

Java frames: (J=compiled Java code, j=interpreted, Vv=VM code)
j  org.opencv.objdetect.CascadeClassifier.load_0(JLjava/lang/String;)Z+0
j  org.opencv.objdetect.CascadeClassifier.load(Ljava/lang/String;)Z+5
j  VideoCap.setFaceTrackingEnable(Z)V+12
j  MyFrame$1.run()V+13
j  java.awt.event.InvocationEvent.dispatch()V+47 java.desktop@12.0.1
j  java.awt.EventQueue.dispatchEventImpl(Ljava/awt/AWTEvent;Ljava/lang/Object;)V+21 java.desktop@12.0.1
j  java.awt.EventQueue$4.run()Ljava/lang/Void;+32 java.desktop@12.0.1
j  java.awt.EventQueue$4.run()Ljava/lang/Object;+1 java.desktop@12.0.1
j  java.security.AccessController.executePrivileged(Ljava/security/PrivilegedAction;Ljava/security/AccessControlContext;Ljava/lang/Class;)Ljava/lang/Object;+29 java.base@12.0.1
j  java.security.AccessController.doPrivileged(Ljava/security/PrivilegedAction;Ljava/security/AccessControlContext;)Ljava/lang/Object;+13 java.base@12.0.1
j  java.security.ProtectionDomain$JavaSecurityAccessImpl.doIntersectionPrivilege(Ljava/security/PrivilegedAction;Ljava/security/AccessControlContext;Ljava/security/AccessControlContext;)Ljava/lang/Object;+18 java.base@12.0.1
j  java.awt.EventQueue.dispatchEvent(Ljava/awt/AWTEvent;)V+46 java.desktop@12.0.1
j  java.awt.EventDispatchThread.pumpOneEventForFilters(I)V+78 java.desktop@12.0.1
j  java.awt.EventDispatchThread.pumpEventsForFilter(ILjava/awt/Conditional;Ljava/awt/EventFilter;)V+35 java.desktop@12.0.1
j  java.awt.EventDispatchThread.pumpEventsForHierarchy(ILjava/awt/Conditional;Ljava/awt/Component;)V+11 java.desktop@12.0.1
j  java.awt.EventDispatchThread.pumpEvents(ILjava/awt/Conditional;)V+4 java.desktop@12.0.1
j  java.awt.EventDispatchThread.pumpEvents(Ljava/awt/Conditional;)V+3 java.desktop@12.0.1
j  java.awt.EventDispatchThread.run()V+9 java.desktop@12.0.1
v  ~StubRoutines::call_stub

---------------  P R O C E S S  ---------------

Threads class SMR info:
_java_thread_list=0x00000233eb239a30, length=15, elements={
0x00000233e97d5800, 0x00000233e97d6800, 0x00000233e97f3000, 0x00000233e97f4000,
0x00000233e97f5000, 0x00000233e97f9000, 0x00000233e9802800, 0x00000233ea25f000,
0x00000233ea261000, 0x00000233ea4c7000, 0x00000233ea4c8000, 0x00000233ea4cf800,
0x00000233ea4ec000, 0x00000233cab49800, 0x00000233eb21c000
}

Java Threads: ( => current thread )
  0x00000233e97d5800 JavaThread "Reference Handler" daemon [_thread_blocked, id=14144, stack(0x0000008295500000,0x0000008295600000)]
  0x00000233e97d6800 JavaThread "Finalizer" daemon [_thread_blocked, id=8540, stack(0x0000008295600000,0x0000008295700000)]
  0x00000233e97f3000 JavaThread "Signal Dispatcher" daemon [_thread_blocked, id=14128, stack(0x0000008295700000,0x0000008295800000)]
  0x00000233e97f4000 JavaThread "Attach Listener" daemon [_thread_blocked, id=13792, stack(0x0000008295800000,0x0000008295900000)]
  0x00000233e97f5000 JavaThread "C2 CompilerThread0" daemon [_thread_blocked, id=10748, stack(0x0000008295900000,0x0000008295a00000)]
  0x00000233e97f9000 JavaThread "C1 CompilerThread0" daemon [_thread_blocked, id=15096, stack(0x0000008295a00000,0x0000008295b00000)]
  0x00000233e9802800 JavaThread "Sweeper thread" daemon [_thread_blocked, id=4684, stack(0x0000008295b00000,0x0000008295c00000)]
  0x00000233ea25f000 JavaThread "Service Thread" daemon [_thread_blocked, id=12880, stack(0x0000008295c00000,0x0000008295d00000)]
  0x00000233ea261000 JavaThread "Common-Cleaner" daemon [_thread_blocked, id=5748, stack(0x0000008295e00000,0x0000008295f00000)]
  0x00000233ea4c7000 JavaThread "Java2D Disposer" daemon [_thread_blocked, id=15056, stack(0x0000008295f00000,0x0000008296000000)]
  0x00000233ea4c8000 JavaThread "AWT-Shutdown" [_thread_blocked, id=15044, stack(0x0000008296000000,0x0000008296100000)]
  0x00000233ea4cf800 JavaThread "AWT-Windows" daemon [_thread_in_native, id=14792, stack(0x0000008296100000,0x0000008296200000)]
=>0x00000233ea4ec000 JavaThread "AWT-EventQueue-0" [_thread_in_native_trans, id=6652, stack(0x0000008296200000,0x0000008296300000)]
  0x00000233cab49800 JavaThread "DestroyJavaVM" [_thread_blocked, id=2132, stack(0x0000008294e00000,0x0000008294f00000)]
  0x00000233eb21c000 JavaThread "Thread-0" [_thread_blocked, id=10016, stack(0x0000008296900000,0x0000008296a00000)]

Other Threads:
  0x00000233e97d4800 VMThread "VM Thread" [stack: 0x0000008295400000,0x0000008295500000] [id=13696]
  0x00000233ea260000 WatcherThread [stack: 0x0000008295d00000,0x0000008295e00000] [id=14424]
  0x00000233cab87000 GCTaskThread "GC Thread#0" [stack: 0x0000008294f00000,0x0000008295000000] [id=12612]
  0x00000233cab95000 ConcurrentGCThread "G1 Main Marker" [stack: 0x0000008295000000,0x0000008295100000] [id=924]
  0x00000233cab96800 ConcurrentGCThread "G1 Conc#0" [stack: 0x0000008295100000,0x0000008295200000] [id=7356]
  0x00000233cac1e000 ConcurrentGCThread "G1 Refine#0" [stack: 0x0000008295200000,0x0000008295300000] [id=4792]
  0x00000233e9650800 ConcurrentGCThread "G1 Young RemSet Sampling" [stack: 0x0000008295300000,0x0000008295400000] [id=15252]

Threads with active compile tasks:
C2 CompilerThread0   518       4       java.lang.StringLatin1::replace (196 bytes)

VM state:synchronizing (normal execution)

VM Mutex/Monitor currently owned by a thread:  ([mutex/lock_event])
[0x00000233cab43e00] Threads_lock - owner thread: 0x00000233e97d4800

Heap address: 0x0000000081c00000, size: 2020 MB, Compressed Oops mode: 32-bit
Narrow klass base: 0x0000000800000000, Narrow klass shift: 3
Compressed class space size: 1073741824 Address: 0x00000008011a0000

Heap:
 garbage-first heap   total 131072K, used 5120K [0x0000000081c00000, 0x0000000100000000)
  region size 1024K, 6 young (6144K), 0 survivors (0K)
 Metaspace       used 4589K, capacity 5260K, committed 5504K, reserved 1056768K
  class space    used 502K, capacity 610K, committed 640K, reserved 1048576K
Heap Regions: E=young(eden), S=young(survivor), O=old, HS=humongous(starts), HC=humongous(continues), CS=collection set, F=free, A=archive, TAMS=top-at-mark-start (previous, next)
|   0|0x0000000081c00000, 0x0000000081c00000, 0x0000000081d00000|  0%| F|  |TAMS 0x0000000081c00000, 0x0000000081c00000| Untracked 
|   1|0x0000000081d00000, 0x0000000081d00000, 0x0000000081e00000|  0%| F|  |TAMS 0x0000000081d00000, 0x0000000081d00000| Untracked 
|   2|0x0000000081e00000, 0x0000000081e00000, 0x0000000081f00000|  0%| F|  |TAMS 0x0000000081e00000, 0x0000000081e00000| Untracked 
|   3|0x0000000081f00000, 0x0000000081f00000, 0x0000000082000000|  0%| F|  |TAMS 0x0000000081f00000, 0x0000000081f00000| Untracked 
|   4|0x0000000082000000, 0x0000000082000000, 0x0000000082100000|  0%| F|  |TAMS 0x0000000082000000, 0x0000000082000000| Untracked 
|   5|0x0000000082100000, 0x0000000082100000, 0x0000000082200000|  0%| F|  |TAMS 0x0000000082100000, 0x0000000082100000| Untracked 
|   6|0x0000000082200000, 0x0000000082200000, 0x0000000082300000|  0%| F|  |TAMS 0x0000000082200000, 0x0000000082200000| Untracked 
|   7|0x0000000082300000, 0x0000000082300000, 0x0000000082400000|  0%| F|  |TAMS 0x0000000082300000, 0x0000000082300000| Untracked 
|   8|0x0000000082400000, 0x0000000082400000, 0x0000000082500000|  0%| F|  |TAMS 0x0000000082400000, 0x0000000082400000| Untracked 
|   9|0x0000000082500000, 0x0000000082500000, 0x0000000082600000|  0%| F|  |TAMS 0x0000000082500000, 0x0000000082500000| Untracked 
|  10|0x0000000082600000, 0x0000000082600000, 0x0000000082700000|  0%| F|  |TAMS 0x0000000082600000, 0x0000000082600000| Untracked 
|  11|0x0000000082700000, 0x0000000082700000, 0x0000000082800000|  0%| F|  |TAMS 0x0000000082700000, 0x0000000082700000| Untracked 
|  12|0x0000000082800000, 0x0000000082800000, 0x0000000082900000|  0%| F|  |TAMS 0x0000000082800000, 0x0000000082800000| Untracked 
|  13|0x0000000082900000, 0x0000000082900000, 0x0000000082a00000|  0%| F|  |TAMS 0x0000000082900000, 0x0000000082900000| Untracked 
|  14|0x0000000082a00000, 0x0000000082a00000, 0x0000000082b00000|  0%| F|  |TAMS 0x0000000082a00000, 0x0000000082a00000| Untracked 
|  15|0x0000000082b00000, 0x0000000082b00000, 0x0000000082c00000|  0%| F|  |TAMS 0x0000000082b00000, 0x0000000082b00000| Untracked 
|  16|0x0000000082c00000, 0x0000000082c00000, 0x0000000082d00000|  0%| F|  |TAMS 0x0000000082c00000, 0x0000000082c00000| Untracked 
|  17|0x0000000082d00000, 0x0000000082d00000, 0x0000000082e00000|  0%| F|  |TAMS 0x0000000082d00000, 0x0000000082d00000| Untracked 
|  18|0x0000000082e00000, 0x0000000082e00000, 0x0000000082f00000|  0%| F|  |TAMS 0x0000000082e00000, 0x0000000082e00000| Untracked 
|  19|0x0000000082f00000, 0x0000000082f00000, 0x0000000083000000|  0%| F|  |TAMS 0x0000000082f00000, 0x0000000082f00000| Untracked 
|  20|0x0000000083000000, 0x0000000083000000, 0x0000000083100000|  0%| F|  |TAMS 0x0000000083000000, 0x0000000083000000| Untracked 
|  21|0x0000000083100000, 0x0000000083100000, 0x0000000083200000|  0%| F|  |TAMS 0x0000000083100000, 0x0000000083100000| Untracked 
|  22|0x0000000083200000, 0x0000000083200000, 0x0000000083300000|  0%| F|  |TAMS 0x0000000083200000, 0x0000000083200000| Untracked 
|  23|0x0000000083300000, 0x0000000083300000, 0x0000000083400000|  0%| F|  |TAMS 0x0000000083300000, 0x0000000083300000| Untracked 
|  24|0x0000000083400000, 0x0000000083400000, 0x0000000083500000|  0%| F|  |TAMS 0x0000000083400000, 0x0000000083400000| Untracked 
|  25|0x0000000083500000, 0x0000000083500000, 0x0000000083600000|  0%| F|  |TAMS 0x0000000083500000, 0x0000000083500000| Untracked 
|  26|0x0000000083600000, 0x0000000083600000, 0x0000000083700000|  0%| F|  |TAMS 0x0000000083600000, 0x0000000083600000| Untracked 
|  27|0x0000000083700000, 0x0000000083700000, 0x0000000083800000|  0%| F|  |TAMS 0x0000000083700000, 0x0000000083700000| Untracked 
|  28|0x0000000083800000, 0x0000000083800000, 0x0000000083900000|  0%| F|  |TAMS 0x0000000083800000, 0x0000000083800000| Untracked 
|  29|0x0000000083900000, 0x0000000083900000, 0x0000000083a00000|  0%| F|  |TAMS 0x0000000083900000, 0x0000000083900000| Untracked 
|  30|0x0000000083a00000, 0x0000000083a00000, 0x0000000083b00000|  0%| F|  |TAMS 0x0000000083a00000, 0x0000000083a00000| Untracked 
|  31|0x0000000083b00000, 0x0000000083b00000, 0x0000000083c00000|  0%| F|  |TAMS 0x0000000083b00000, 0x0000000083b00000| Untracked 
|  32|0x0000000083c00000, 0x0000000083c00000, 0x0000000083d00000|  0%| F|  |TAMS 0x0000000083c00000, 0x0000000083c00000| Untracked 
|  33|0x0000000083d00000, 0x0000000083d00000, 0x0000000083e00000|  0%| F|  |TAMS 0x0000000083d00000, 0x0000000083d00000| Untracked 
|  34|0x0000000083e00000, 0x0000000083e00000, 0x0000000083f00000|  0%| F|  |TAMS 0x0000000083e00000, 0x0000000083e00000| Untracked 
|  35|0x0000000083f00000, 0x0000000083f00000, 0x0000000084000000|  0%| F|  |TAMS 0x0000000083f00000, 0x0000000083f00000| Untracked 
|  36|0x0000000084000000, 0x0000000084000000, 0x0000000084100000|  0%| F|  |TAMS 0x0000000084000000, 0x0000000084000000| Untracked 
|  37|0x0000000084100000, 0x0000000084100000, 0x0000000084200000|  0%| F|  |TAMS 0x0000000084100000, 0x0000000084100000| Untracked 
|  38|0x0000000084200000, 0x0000000084200000, 0x0000000084300000|  0%| F|  |TAMS 0x0000000084200000, 0x0000000084200000| Untracked 
|  39|0x0000000084300000, 0x0000000084300000, 0x0000000084400000|  0%| F|  |TAMS 0x0000000084300000, 0x0000000084300000| Untracked 
|  40|0x0000000084400000, 0x0000000084400000, 0x0000000084500000|  0%| F|  |TAMS 0x0000000084400000, 0x0000000084400000| Untracked 
|  41|0x0000000084500000, 0x0000000084500000, 0x0000000084600000|  0%| F|  |TAMS 0x0000000084500000, 0x0000000084500000| Untracked 
|  42|0x0000000084600000, 0x0000000084600000, 0x0000000084700000|  0%| F|  |TAMS 0x0000000084600000, 0x0000000084600000| Untracked 
|  43|0x0000000084700000, 0x0000000084700000, 0x0000000084800000|  0%| F|  |TAMS 0x0000000084700000, 0x0000000084700000| Untracked 
|  44|0x0000000084800000, 0x0000000084800000, 0x0000000084900000|  0%| F|  |TAMS 0x0000000084800000, 0x0000000084800000| Untracked 
|  45|0x0000000084900000, 0x0000000084900000, 0x0000000084a00000|  0%| F|  |TAMS 0x0000000084900000, 0x0000000084900000| Untracked 
|  46|0x0000000084a00000, 0x0000000084a00000, 0x0000000084b00000|  0%| F|  |TAMS 0x0000000084a00000, 0x0000000084a00000| Untracked 
|  47|0x0000000084b00000, 0x0000000084b00000, 0x0000000084c00000|  0%| F|  |TAMS 0x0000000084b00000, 0x0000000084b00000| Untracked 
|  48|0x0000000084c00000, 0x0000000084c00000, 0x0000000084d00000|  0%| F|  |TAMS 0x0000000084c00000, 0x0000000084c00000| Untracked 
|  49|0x0000000084d00000, 0x0000000084d00000, 0x0000000084e00000|  0%| F|  |TAMS 0x0000000084d00000, 0x0000000084d00000| Untracked 
|  50|0x0000000084e00000, 0x0000000084e00000, 0x0000000084f00000|  0%| F|  |TAMS 0x0000000084e00000, 0x0000000084e00000| Untracked 
|  51|0x0000000084f00000, 0x0000000084f00000, 0x0000000085000000|  0%| F|  |TAMS 0x0000000084f00000, 0x0000000084f00000| Untracked 
|  52|0x0000000085000000, 0x0000000085000000, 0x0000000085100000|  0%| F|  |TAMS 0x0000000085000000, 0x0000000085000000| Untracked 
|  53|0x0000000085100000, 0x0000000085100000, 0x0000000085200000|  0%| F|  |TAMS 0x0000000085100000, 0x0000000085100000| Untracked 
|  54|0x0000000085200000, 0x0000000085200000, 0x0000000085300000|  0%| F|  |TAMS 0x0000000085200000, 0x0000000085200000| Untracked 
|  55|0x0000000085300000, 0x0000000085300000, 0x0000000085400000|  0%| F|  |TAMS 0x0000000085300000, 0x0000000085300000| Untracked 
|  56|0x0000000085400000, 0x0000000085400000, 0x0000000085500000|  0%| F|  |TAMS 0x0000000085400000, 0x0000000085400000| Untracked 
|  57|0x0000000085500000, 0x0000000085500000, 0x0000000085600000|  0%| F|  |TAMS 0x0000000085500000, 0x0000000085500000| Untracked 
|  58|0x0000000085600000, 0x0000000085600000, 0x0000000085700000|  0%| F|  |TAMS 0x0000000085600000, 0x0000000085600000| Untracked 
|  59|0x0000000085700000, 0x0000000085700000, 0x0000000085800000|  0%| F|  |TAMS 0x0000000085700000, 0x0000000085700000| Untracked 
|  60|0x0000000085800000, 0x0000000085800000, 0x0000000085900000|  0%| F|  |TAMS 0x0000000085800000, 0x0000000085800000| Untracked 
|  61|0x0000000085900000, 0x0000000085900000, 0x0000000085a00000|  0%| F|  |TAMS 0x0000000085900000, 0x0000000085900000| Untracked 
|  62|0x0000000085a00000, 0x0000000085a00000, 0x0000000085b00000|  0%| F|  |TAMS 0x0000000085a00000, 0x0000000085a00000| Untracked 
|  63|0x0000000085b00000, 0x0000000085b00000, 0x0000000085c00000|  0%| F|  |TAMS 0x0000000085b00000, 0x0000000085b00000| Untracked 
|  64|0x0000000085c00000, 0x0000000085c00000, 0x0000000085d00000|  0%| F|  |TAMS 0x0000000085c00000, 0x0000000085c00000| Untracked 
|  65|0x0000000085d00000, 0x0000000085d00000, 0x0000000085e00000|  0%| F|  |TAMS 0x0000000085d00000, 0x0000000085d00000| Untracked 
|  66|0x0000000085e00000, 0x0000000085e00000, 0x0000000085f00000|  0%| F|  |TAMS 0x0000000085e00000, 0x0000000085e00000| Untracked 
|  67|0x0000000085f00000, 0x0000000085f00000, 0x0000000086000000|  0%| F|  |TAMS 0x0000000085f00000, 0x0000000085f00000| Untracked 
|  68|0x0000000086000000, 0x0000000086000000, 0x0000000086100000|  0%| F|  |TAMS 0x0000000086000000, 0x0000000086000000| Untracked 
|  69|0x0000000086100000, 0x0000000086100000, 0x0000000086200000|  0%| F|  |TAMS 0x0000000086100000, 0x0000000086100000| Untracked 
|  70|0x0000000086200000, 0x0000000086200000, 0x0000000086300000|  0%| F|  |TAMS 0x0000000086200000, 0x0000000086200000| Untracked 
|  71|0x0000000086300000, 0x0000000086300000, 0x0000000086400000|  0%| F|  |TAMS 0x0000000086300000, 0x0000000086300000| Untracked 
|  72|0x0000000086400000, 0x0000000086400000, 0x0000000086500000|  0%| F|  |TAMS 0x0000000086400000, 0x0000000086400000| Untracked 
|  73|0x0000000086500000, 0x0000000086500000, 0x0000000086600000|  0%| F|  |TAMS 0x0000000086500000, 0x0000000086500000| Untracked 
|  74|0x0000000086600000, 0x0000000086600000, 0x0000000086700000|  0%| F|  |TAMS 0x0000000086600000, 0x0000000086600000| Untracked 
|  75|0x0000000086700000, 0x0000000086700000, 0x0000000086800000|  0%| F|  |TAMS 0x0000000086700000, 0x0000000086700000| Untracked 
|  76|0x0000000086800000, 0x0000000086800000, 0x0000000086900000|  0%| F|  |TAMS 0x0000000086800000, 0x0000000086800000| Untracked 
|  77|0x0000000086900000, 0x0000000086900000, 0x0000000086a00000|  0%| F|  |TAMS 0x0000000086900000, 0x0000000086900000| Untracked 
|  78|0x0000000086a00000, 0x0000000086a00000, 0x0000000086b00000|  0%| F|  |TAMS 0x0000000086a00000, 0x0000000086a00000| Untracked 
|  79|0x0000000086b00000, 0x0000000086b00000, 0x0000000086c00000|  0%| F|  |TAMS 0x0000000086b00000, 0x0000000086b00000| Untracked 
|  80|0x0000000086c00000, 0x0000000086c00000, 0x0000000086d00000|  0%| F|  |TAMS 0x0000000086c00000, 0x0000000086c00000| Untracked 
|  81|0x0000000086d00000, 0x0000000086d00000, 0x0000000086e00000|  0%| F|  |TAMS 0x0000000086d00000, 0x0000000086d00000| Untracked 
|  82|0x0000000086e00000, 0x0000000086e00000, 0x0000000086f00000|  0%| F|  |TAMS 0x0000000086e00000, 0x0000000086e00000| Untracked 
|  83|0x0000000086f00000, 0x0000000086f00000, 0x0000000087000000|  0%| F|  |TAMS 0x0000000086f00000, 0x0000000086f00000| Untracked 
|  84|0x0000000087000000, 0x0000000087000000, 0x0000000087100000|  0%| F|  |TAMS 0x0000000087000000, 0x0000000087000000| Untracked 
|  85|0x0000000087100000, 0x0000000087100000, 0x0000000087200000|  0%| F|  |TAMS 0x0000000087100000, 0x0000000087100000| Untracked 
|  86|0x0000000087200000, 0x0000000087200000, 0x0000000087300000|  0%| F|  |TAMS 0x0000000087200000, 0x0000000087200000| Untracked 
|  87|0x0000000087300000, 0x0000000087300000, 0x0000000087400000|  0%| F|  |TAMS 0x0000000087300000, 0x0000000087300000| Untracked 
|  88|0x0000000087400000, 0x0000000087400000, 0x0000000087500000|  0%| F|  |TAMS 0x0000000087400000, 0x0000000087400000| Untracked 
|  89|0x0000000087500000, 0x0000000087500000, 0x0000000087600000|  0%| F|  |TAMS 0x0000000087500000, 0x0000000087500000| Untracked 
|  90|0x0000000087600000, 0x0000000087600000, 0x0000000087700000|  0%| F|  |TAMS 0x0000000087600000, 0x0000000087600000| Untracked 
|  91|0x0000000087700000, 0x0000000087700000, 0x0000000087800000|  0%| F|  |TAMS 0x0000000087700000, 0x0000000087700000| Untracked 
|  92|0x0000000087800000, 0x0000000087800000, 0x0000000087900000|  0%| F|  |TAMS 0x0000000087800000, 0x0000000087800000| Untracked 
|  93|0x0000000087900000, 0x0000000087900000, 0x0000000087a00000|  0%| F|  |TAMS 0x0000000087900000, 0x0000000087900000| Untracked 
|  94|0x0000000087a00000, 0x0000000087a00000, 0x0000000087b00000|  0%| F|  |TAMS 0x0000000087a00000, 0x0000000087a00000| Untracked 
|  95|0x0000000087b00000, 0x0000000087b00000, 0x0000000087c00000|  0%| F|  |TAMS 0x0000000087b00000, 0x0000000087b00000| Untracked 
|  96|0x0000000087c00000, 0x0000000087c00000, 0x0000000087d00000|  0%| F|  |TAMS 0x0000000087c00000, 0x0000000087c00000| Untracked 
|  97|0x0000000087d00000, 0x0000000087d00000, 0x0000000087e00000|  0%| F|  |TAMS 0x0000000087d00000, 0x0000000087d00000| Untracked 
|  98|0x0000000087e00000, 0x0000000087e00000, 0x0000000087f00000|  0%| F|  |TAMS 0x0000000087e00000, 0x0000000087e00000| Untracked 
|  99|0x0000000087f00000, 0x0000000087f00000, 0x0000000088000000|  0%| F|  |TAMS 0x0000000087f00000, 0x0000000087f00000| Untracked 
| 100|0x0000000088000000, 0x0000000088000000, 0x0000000088100000|  0%| F|  |TAMS 0x0000000088000000, 0x0000000088000000| Untracked 
| 101|0x0000000088100000, 0x0000000088100000, 0x0000000088200000|  0%| F|  |TAMS 0x0000000088100000, 0x0000000088100000| Untracked 
| 102|0x0000000088200000, 0x0000000088200000, 0x0000000088300000|  0%| F|  |TAMS 0x0000000088200000, 0x0000000088200000| Untracked 
| 103|0x0000000088300000, 0x0000000088300000, 0x0000000088400000|  0%| F|  |TAMS 0x0000000088300000, 0x0000000088300000| Untracked 
| 104|0x0000000088400000, 0x0000000088400000, 0x0000000088500000|  0%| F|  |TAMS 0x0000000088400000, 0x0000000088400000| Untracked 
| 105|0x0000000088500000, 0x0000000088500000, 0x0000000088600000|  0%| F|  |TAMS 0x0000000088500000, 0x0000000088500000| Untracked 
| 106|0x0000000088600000, 0x0000000088600000, 0x0000000088700000|  0%| F|  |TAMS 0x0000000088600000, 0x0000000088600000| Untracked 
| 107|0x0000000088700000, 0x0000000088700000, 0x0000000088800000|  0%| F|  |TAMS 0x0000000088700000, 0x0000000088700000| Untracked 
| 108|0x0000000088800000, 0x0000000088800000, 0x0000000088900000|  0%| F|  |TAMS 0x0000000088800000, 0x0000000088800000| Untracked 
| 109|0x0000000088900000, 0x0000000088900000, 0x0000000088a00000|  0%| F|  |TAMS 0x0000000088900000, 0x0000000088900000| Untracked 
| 110|0x0000000088a00000, 0x0000000088a00000, 0x0000000088b00000|  0%| F|  |TAMS 0x0000000088a00000, 0x0000000088a00000| Untracked 
| 111|0x0000000088b00000, 0x0000000088b00000, 0x0000000088c00000|  0%| F|  |TAMS 0x0000000088b00000, 0x0000000088b00000| Untracked 
| 112|0x0000000088c00000, 0x0000000088c00000, 0x0000000088d00000|  0%| F|  |TAMS 0x0000000088c00000, 0x0000000088c00000| Untracked 
| 113|0x0000000088d00000, 0x0000000088d00000, 0x0000000088e00000|  0%| F|  |TAMS 0x0000000088d00000, 0x0000000088d00000| Untracked 
| 114|0x0000000088e00000, 0x0000000088e00000, 0x0000000088f00000|  0%| F|  |TAMS 0x0000000088e00000, 0x0000000088e00000| Untracked 
| 115|0x0000000088f00000, 0x0000000088f00000, 0x0000000089000000|  0%| F|  |TAMS 0x0000000088f00000, 0x0000000088f00000| Untracked 
| 116|0x0000000089000000, 0x0000000089000000, 0x0000000089100000|  0%| F|  |TAMS 0x0000000089000000, 0x0000000089000000| Untracked 
| 117|0x0000000089100000, 0x0000000089100000, 0x0000000089200000|  0%| F|  |TAMS 0x0000000089100000, 0x0000000089100000| Untracked 
| 118|0x0000000089200000, 0x0000000089200000, 0x0000000089300000|  0%| F|  |TAMS 0x0000000089200000, 0x0000000089200000| Untracked 
| 119|0x0000000089300000, 0x0000000089300000, 0x0000000089400000|  0%| F|  |TAMS 0x0000000089300000, 0x0000000089300000| Untracked 
| 120|0x0000000089400000, 0x0000000089400000, 0x0000000089500000|  0%| F|  |TAMS 0x0000000089400000, 0x0000000089400000| Untracked 
| 121|0x0000000089500000, 0x0000000089500000, 0x0000000089600000|  0%| F|  |TAMS 0x0000000089500000, 0x0000000089500000| Untracked 
| 122|0x0000000089600000, 0x00000000896ff630, 0x0000000089700000| 99%| E|  |TAMS 0x0000000089600000, 0x0000000089600000| Complete 
| 123|0x0000000089700000, 0x0000000089800000, 0x0000000089800000|100%| E|CS|TAMS 0x0000000089700000, 0x0000000089700000| Complete 
| 124|0x0000000089800000, 0x0000000089900000, 0x0000000089900000|100%| E|CS|TAMS 0x0000000089800000, 0x0000000089800000| Complete 
| 125|0x0000000089900000, 0x0000000089a00000, 0x0000000089a00000|100%| E|CS|TAMS 0x0000000089900000, 0x0000000089900000| Complete 
| 126|0x0000000089a00000, 0x0000000089b00000, 0x0000000089b00000|100%| E|CS|TAMS 0x0000000089a00000, 0x0000000089a00000| Complete 
| 127|0x0000000089b00000, 0x0000000089c00000, 0x0000000089c00000|100%| E|CS|TAMS 0x0000000089b00000, 0x0000000089b00000| Complete 

Card table byte_map: [0x00000233e2680000,0x00000233e2a80000] _byte_map_base: 0x00000233e2272000

Marking Bits (Prev, Next): (CMBitMap*) 0x00000233cab88328, (CMBitMap*) 0x00000233cab88368
 Prev Bits: [0x00000233e2e80000, 0x00000233e4e10000)
 Next Bits: [0x00000233e4e10000, 0x00000233e6da0000)

Polling page: 0x00000233c8a20000

Metaspace:

Usage:
  Non-class:      4.54 MB capacity,     3.99 MB ( 88%) used,   544.59 KB ( 12%) free+waste,    18.19 KB ( <1%) overhead. 
      Class:    610.00 KB capacity,   502.16 KB ( 82%) used,    95.66 KB ( 16%) free+waste,    12.19 KB (  2%) overhead. 
       Both:      5.14 MB capacity,     4.48 MB ( 87%) used,   640.24 KB ( 12%) free+waste,    30.38 KB ( <1%) overhead. 

Virtual space:
  Non-class space:        8.00 MB reserved,       4.75 MB ( 59%) committed 
      Class space:        1.00 GB reserved,     640.00 KB ( <1%) committed 
             Both:        1.01 GB reserved,       5.38 MB ( <1%) committed 

Chunk freelists:
   Non-Class:  2.75 KB
       Class:  0 bytes
        Both:  2.75 KB

CodeHeap 'non-profiled nmethods': size=120000Kb used=137Kb max_used=137Kb free=119862Kb
 bounds [0x00000233daa20000, 0x00000233dac90000, 0x00000233e1f50000]
CodeHeap 'profiled nmethods': size=120000Kb used=882Kb max_used=882Kb free=119118Kb
 bounds [0x00000233d34f0000, 0x00000233d3760000, 0x00000233daa20000]
CodeHeap 'non-nmethods': size=5760Kb used=1210Kb max_used=1210Kb free=4549Kb
 bounds [0x00000233d2f50000, 0x00000233d31c0000, 0x00000233d34f0000]
 total_blobs=1171 nmethods=521 adapters=479
 compilation: enabled
              stopped_count=0, restarted_count=0
 full_count=0

Compilation events (10 events):
Event: 0.774 Thread 0x00000233e97f9000 nmethod 517 0x00000233daa41a90 code [0x00000233daa41c40, 0x00000233daa41d78]
Event: 0.775 Thread 0x00000233e97f5000  518       4       java.lang.StringLatin1::replace (196 bytes)
Event: 0.776 Thread 0x00000233e97f9000  520       3       java.lang.String::startsWith (7 bytes)
Event: 0.777 Thread 0x00000233e97f9000 nmethod 520 0x00000233d35cb210 code [0x00000233d35cb3e0, 0x00000233d35cb5b0]
Event: 0.778 Thread 0x00000233e97f9000  521       1       java.net.URL::getFile (5 bytes)
Event: 0.778 Thread 0x00000233e97f9000 nmethod 521 0x00000233daa41e10 code [0x00000233daa41fc0, 0x00000233daa420f8]
Event: 0.781 Thread 0x00000233e97f9000  522   !   3       sun.awt.AppContext::get (123 bytes)
Event: 0.782 Thread 0x00000233e97f9000 nmethod 522 0x00000233d35cb690 code [0x00000233d35cb8c0, 0x00000233d35cc490]
Event: 0.782 Thread 0x00000233e97f9000  523       1       java.net.URL::getHost (5 bytes)
Event: 0.783 Thread 0x00000233e97f9000 nmethod 523 0x00000233daa42190 code [0x00000233daa42340, 0x00000233daa42478]

GC Heap History (0 events):
No events

Deoptimization events (1 events):
Event: 0.088 Thread 0x00000233cab49800 Uncommon trap: reason=unstable_if action=reinterpret pc=0x00000233daa24c24 method=java.lang.String.hashCode()I @ 14 c2

Classes redefined (0 events):
No events

Internal exceptions (10 events):
Event: 0.140 Thread 0x00000233cab49800 Exception <a 'java/lang/ClassNotFoundException'{0x0000000089a612c0}: sun/awt/resources/spi/awtProvider> (0x0000000089a612c0) thrown at [t:/workspace/open/src/hotspot/share/classfile/systemDictionary.cpp, line 235]
Event: 0.178 Thread 0x00000233cab49800 Exception <a 'java/io/FileNotFoundException'{0x0000000089ab4600}> (0x0000000089ab4600) thrown at [t:/workspace/open/src/hotspot/share/prims/jni.cpp, line 615]
Event: 0.207 Thread 0x00000233cab49800 Exception <a 'java/io/FileNotFoundException'{0x0000000089922fc8}> (0x0000000089922fc8) thrown at [t:/workspace/open/src/hotspot/share/prims/jni.cpp, line 615]
Event: 0.270 Thread 0x00000233ea4cf800 Exception <a 'java/lang/NoSuchMethodError'{0x0000000089980468}: java.lang.invoke.DirectMethodHandle$Holder.invokeSpecial(Ljava/lang/Object;Ljava/lang/Object;)V> (0x0000000089980468) thrown at [t:/workspace/open/src/hotspot/share/interpreter/linkResolver.c
Event: 0.274 Thread 0x00000233cab49800 Exception <a 'java/lang/NoSuchMethodError'{0x0000000089802988}: java.lang.invoke.DirectMethodHandle$Holder.invokeStatic(Ljava/lang/Object;Ljava/lang/Object;Ljava/lang/Object;Ljava/lang/Object;Ljava/lang/Object;Ljava/lang/Object;Ljava/lang/Object;J)Ljava/l
Event: 0.356 Thread 0x00000233ea4ec000 Exception <a 'java/lang/NoSuchMethodError'{0x000000008974ad50}: java.lang.invoke.DirectMethodHandle$Holder.invokeStatic(Ljava/lang/Object;ILjava/lang/Object;Ljava/lang/Object;Ljava/lang/Object;Ljava/lang/Object;)Ljava/lang/Object;> (0x000000008974ad50) th
Event: 0.357 Thread 0x00000233ea4ec000 Exception <a 'java/lang/NoSuchMethodError'{0x0000000089751970}: java.lang.invoke.DirectMethodHandle$Holder.invokeStatic(Ljava/lang/Object;ILjava/lang/Object;Ljava/lang/Object;Ljava/lang/Object;)Ljava/lang/Object;> (0x0000000089751970) thrown at [t:/worksp
Event: 0.358 Thread 0x00000233ea4ec000 Exception <a 'java/lang/NoSuchMethodError'{0x00000000897551c8}: java.lang.invoke.DirectMethodHandle$Holder.invokeSpecial(Ljava/lang/Object;Ljava/lang/Object;ILjava/lang/Object;Ljava/lang/Object;Ljava/lang/Object;)Ljava/lang/Object;> (0x00000000897551c8) t
Event: 0.396 Thread 0x00000233ea4ec000 Exception <a 'java/lang/ClassNotFoundException'{0x0000000089614570}: com/sun/swing/internal/plaf/metal/resources/spi/metalProvider> (0x0000000089614570) thrown at [t:/workspace/open/src/hotspot/share/classfile/systemDictionary.cpp, line 235]
Event: 0.399 Thread 0x00000233ea4ec000 Exception <a 'java/lang/ClassNotFoundException'{0x0000000089618af0}: com/sun/swing/internal/plaf/basic/resources/spi/basicProvider> (0x0000000089618af0) thrown at [t:/workspace/open/src/hotspot/share/classfile/systemDictionary.cpp, line 235]

Events (10 events):
Event: 0.783 loading class java/awt/event/HierarchyBoundsListener done
Event: 0.784 loading class java/awt/event/MouseWheelListener
Event: 0.784 loading class java/awt/event/MouseWheelListener done
Event: 0.784 loading class java/awt/AWTEventMulticaster done
Event: 0.784 loading class MyFrame$ThreadForFPSRender
Event: 0.784 loading class MyFrame$ThreadForFPSRender done
Event: 0.785 loading class java/lang/InterruptedException
Event: 0.785 loading class java/lang/InterruptedException done
Event: 0.785 Thread 0x00000233eb21c000 Thread added: 0x00000233eb21c000
Event: 0.786 Executing VM operation: RevokeBias


Dynamic libraries:
0x00007ff6553b0000 - 0x00007ff6553bf000 	C:\Program Files\Java\jdk-12.0.1\bin\java.exe
0x00007ffdeaf00000 - 0x00007ffdeb0f0000 	C:\WINDOWS\SYSTEM32\ntdll.dll
0x00007ffdea1f0000 - 0x00007ffdea2a2000 	C:\WINDOWS\System32\KERNEL32.DLL
0x00007ffde7e90000 - 0x00007ffde8133000 	C:\WINDOWS\System32\KERNELBASE.dll
0x00007ffde8c70000 - 0x00007ffde8d6a000 	C:\WINDOWS\System32\ucrtbase.dll
0x00007ffdd3040000 - 0x00007ffdd3058000 	C:\Program Files\Java\jdk-12.0.1\bin\jli.dll
0x00007ffdd3020000 - 0x00007ffdd3036000 	C:\Program Files\Java\jdk-12.0.1\bin\VCRUNTIME140.dll
0x00007ffdea310000 - 0x00007ffdea3b3000 	C:\WINDOWS\System32\ADVAPI32.dll
0x00007ffdea730000 - 0x00007ffdea7ce000 	C:\WINDOWS\System32\msvcrt.dll
0x00007ffde8ff0000 - 0x00007ffde9087000 	C:\WINDOWS\System32\sechost.dll
0x00007ffde9ef0000 - 0x00007ffdea010000 	C:\WINDOWS\System32\RPCRT4.dll
0x00007ffdea010000 - 0x00007ffdea1a3000 	C:\WINDOWS\System32\USER32.dll
0x00007ffde8430000 - 0x00007ffde8451000 	C:\WINDOWS\System32\win32u.dll
0x00007ffdddad0000 - 0x00007ffdddd55000 	C:\WINDOWS\WinSxS\amd64_microsoft.windows.common-controls_6595b64144ccf1df_6.0.18362.145_none_e6c3ab8b131013d6\COMCTL32.dll
0x00007ffde8fc0000 - 0x00007ffde8fe6000 	C:\WINDOWS\System32\GDI32.dll
0x00007ffde8e20000 - 0x00007ffde8fb4000 	C:\WINDOWS\System32\gdi32full.dll
0x00007ffdea880000 - 0x00007ffdeabb6000 	C:\WINDOWS\System32\combase.dll
0x00007ffde8190000 - 0x00007ffde822e000 	C:\WINDOWS\System32\msvcp_win.dll
0x00007ffde8460000 - 0x00007ffde84e1000 	C:\WINDOWS\System32\bcryptPrimitives.dll
0x00007ffde3640000 - 0x00007ffde364a000 	C:\WINDOWS\SYSTEM32\VERSION.dll
0x00007ffdea1c0000 - 0x00007ffdea1ee000 	C:\WINDOWS\System32\IMM32.DLL
0x00007ffdd2f70000 - 0x00007ffdd301a000 	C:\Program Files\Java\jdk-12.0.1\bin\msvcp140.dll
0x00007ffd80dc0000 - 0x00007ffd81934000 	C:\Program Files\Java\jdk-12.0.1\bin\server\jvm.dll
0x00007ffdea650000 - 0x00007ffdea658000 	C:\WINDOWS\System32\PSAPI.DLL
0x00007ffdd2200000 - 0x00007ffdd2209000 	C:\WINDOWS\SYSTEM32\WSOCK32.dll
0x00007ffde5700000 - 0x00007ffde5724000 	C:\WINDOWS\SYSTEM32\WINMM.dll
0x00007ffde9ca0000 - 0x00007ffde9d0f000 	C:\WINDOWS\System32\WS2_32.dll
0x00007ffde55a0000 - 0x00007ffde55cd000 	C:\WINDOWS\SYSTEM32\winmmbase.dll
0x00007ffde8140000 - 0x00007ffde818a000 	C:\WINDOWS\System32\cfgmgr32.dll
0x00007ffde7e00000 - 0x00007ffde7e11000 	C:\WINDOWS\System32\kernel.appcore.dll
0x00007ffdd2f50000 - 0x00007ffdd2f61000 	C:\Program Files\Java\jdk-12.0.1\bin\verify.dll
0x00007ffde67b0000 - 0x00007ffde69a4000 	C:\WINDOWS\SYSTEM32\DBGHELP.DLL
0x00007ffdd25f0000 - 0x00007ffdd261a000 	C:\WINDOWS\SYSTEM32\dbgcore.DLL
0x00007ffdd2f20000 - 0x00007ffdd2f46000 	C:\Program Files\Java\jdk-12.0.1\bin\java.dll
0x00007ffdd2f00000 - 0x00007ffdd2f17000 	C:\Program Files\Java\jdk-12.0.1\bin\zip.dll
0x00007ffde5730000 - 0x00007ffde573a000 	C:\Program Files\Java\jdk-12.0.1\bin\jimage.dll
0x00007ffde9090000 - 0x00007ffde9770000 	C:\WINDOWS\System32\SHELL32.dll
0x00007ffdea7d0000 - 0x00007ffdea879000 	C:\WINDOWS\System32\shcore.dll
0x00007ffde84f0000 - 0x00007ffde8c6b000 	C:\WINDOWS\System32\windows.storage.dll
0x00007ffde7e20000 - 0x00007ffde7e3f000 	C:\WINDOWS\System32\profapi.dll
0x00007ffde7e40000 - 0x00007ffde7e8a000 	C:\WINDOWS\System32\powrprof.dll
0x00007ffde7dd0000 - 0x00007ffde7de0000 	C:\WINDOWS\System32\UMPDC.dll
0x00007ffdea5f0000 - 0x00007ffdea642000 	C:\WINDOWS\System32\shlwapi.dll
0x00007ffde8410000 - 0x00007ffde8427000 	C:\WINDOWS\System32\cryptsp.dll
0x00007ffdc9fa0000 - 0x00007ffdc9fb9000 	C:\Program Files\Java\jdk-12.0.1\bin\net.dll
0x00007ffdd97d0000 - 0x00007ffdd99a4000 	C:\WINDOWS\SYSTEM32\urlmon.dll
0x00007ffde2f50000 - 0x00007ffde303f000 	C:\WINDOWS\SYSTEM32\WINHTTP.dll
0x00007ffdd9520000 - 0x00007ffdd97c6000 	C:\WINDOWS\SYSTEM32\iertutil.dll
0x00007ffde7810000 - 0x00007ffde781c000 	C:\WINDOWS\SYSTEM32\CRYPTBASE.DLL
0x00007ffde7640000 - 0x00007ffde76a7000 	C:\WINDOWS\system32\mswsock.dll
0x00007ffdc06d0000 - 0x00007ffdc06e3000 	C:\Program Files\Java\jdk-12.0.1\bin\nio.dll
0x00007ffdcab00000 - 0x00007ffdcac9f000 	C:\Program Files\Java\jdk-12.0.1\bin\awt.dll
0x00007ffdea3e0000 - 0x00007ffdea4a4000 	C:\WINDOWS\System32\OLEAUT32.dll
0x00007ffde4200000 - 0x00007ffde47c0000 	C:\WINDOWS\SYSTEM32\d2d1.dll
0x00007ffde5800000 - 0x00007ffde588f000 	C:\WINDOWS\SYSTEM32\apphelp.dll
0x00007ffde5ac0000 - 0x00007ffde5b59000 	C:\WINDOWS\system32\uxtheme.dll
0x00007ffdea4b0000 - 0x00007ffdea5e7000 	C:\WINDOWS\System32\MSCTF.dll
0x00007ffde9d10000 - 0x00007ffde9e66000 	C:\WINDOWS\System32\ole32.dll
0x00007ffde6340000 - 0x00007ffde636d000 	C:\WINDOWS\system32\DWMAPI.DLL
0x00007ffdd2db0000 - 0x00007ffdd2eff000 	C:\WINDOWS\system32\opengl32.dll
0x00007ffde2e70000 - 0x00007ffde2e9c000 	C:\WINDOWS\SYSTEM32\GLU32.dll
0x00007ffde6a90000 - 0x00007ffde6ab0000 	C:\WINDOWS\SYSTEM32\dxcore.dll
0x00007ffd7c870000 - 0x00007ffd7fec1000 	C:\opencv\opencv\build\java\x64\opencv_java410.dll
0x00007ffde22e0000 - 0x00007ffde24da000 	C:\WINDOWS\SYSTEM32\MFPlat.DLL
0x00007ffde48b0000 - 0x00007ffde4b0b000 	C:\WINDOWS\SYSTEM32\d3d11.dll
0x00007ffdc84c0000 - 0x00007ffdc8542000 	C:\WINDOWS\SYSTEM32\MF.dll
0x00007ffdb2d60000 - 0x00007ffdb2e99000 	C:\WINDOWS\SYSTEM32\MFReadWrite.dll
0x00007ffde6b20000 - 0x00007ffde6c0a000 	C:\WINDOWS\SYSTEM32\dxgi.dll
0x00007ffd7c480000 - 0x00007ffd7c86c000 	C:\WINDOWS\SYSTEM32\MFCORE.DLL
0x00007ffde8230000 - 0x00007ffde8379000 	C:\WINDOWS\System32\CRYPT32.dll
0x00007ffde7de0000 - 0x00007ffde7df2000 	C:\WINDOWS\System32\MSASN1.dll
0x00007ffde8380000 - 0x00007ffde83a6000 	C:\WINDOWS\System32\bcrypt.dll
0x00007ffdc77d0000 - 0x00007ffdc77d9000 	C:\WINDOWS\SYSTEM32\ksuser.dll
0x00007ffde35e0000 - 0x00007ffde360f000 	C:\WINDOWS\SYSTEM32\RTWorkQ.DLL
0x00007ffddc3a0000 - 0x00007ffddd7e7000 	C:\WINDOWS\System32\DriverStore\FileRepository\igdlh64.inf_amd64_31ba00ea6900d67d\igd10iumd64.dll
0x00007ffde7910000 - 0x00007ffde7936000 	C:\WINDOWS\SYSTEM32\ncrypt.dll
0x00007ffde78d0000 - 0x00007ffde790b000 	C:\WINDOWS\SYSTEM32\NTASN1.dll
0x00007ffdda0f0000 - 0x00007ffddbff1000 	C:\WINDOWS\System32\DriverStore\FileRepository\igdlh64.inf_amd64_31ba00ea6900d67d\igc64.dll
0x00007ffde9bf0000 - 0x00007ffde9c92000 	C:\WINDOWS\System32\clbcatq.dll
0x00007ffde1260000 - 0x00007ffde1290000 	C:\WINDOWS\SYSTEM32\CompPkgSup.DLL
0x00007ffdc5650000 - 0x00007ffdc5db4000 	C:\Windows\System32\Windows.Media.dll
0x00007ffde6e80000 - 0x00007ffde6eb1000 	C:\WINDOWS\SYSTEM32\ntmarta.dll
0x00007ffde06e0000 - 0x00007ffde07be000 	C:\Windows\System32\Windows.ApplicationModel.dll
0x00007ffde5d20000 - 0x00007ffde5f7a000 	C:\Windows\System32\twinapi.appcore.dll
0x00007ffde6310000 - 0x00007ffde6339000 	C:\Windows\System32\RMCLIENT.dll
0x00007ffde2800000 - 0x00007ffde28df000 	C:\Windows\System32\AppXDeploymentClient.dll
0x00007ffde2060000 - 0x00007ffde210f000 	C:\Windows\System32\StateRepository.Core.dll
0x00007ffdc68b0000 - 0x00007ffdc69e5000 	C:\Windows\System32\Windows.StateRepositoryPS.dll
0x00007ffde36b0000 - 0x00007ffde3803000 	C:\Windows\System32\WinTypes.dll
0x00007ffd83a50000 - 0x00007ffd83d20000 	C:\WINDOWS\System32\mfmp4srcsnk.dll
0x00007ffd9d4f0000 - 0x00007ffd9d765000 	C:\Windows\System32\msmpeg2vdec.dll
0x00007ffda01f0000 - 0x00007ffda031d000 	C:\Windows\System32\mfperfhelper.dll
0x00007ffda0e40000 - 0x00007ffda437a000 	C:\WINDOWS\System32\DriverStore\FileRepository\igdlh64.inf_amd64_31ba00ea6900d67d\igd11dxva64.dll
0x00007ffdb8b80000 - 0x00007ffdb8ba4000 	C:\WINDOWS\System32\DriverStore\FileRepository\igdlh64.inf_amd64_31ba00ea6900d67d\igdinfo64.dll
0x00007ffd9df80000 - 0x00007ffd9e0f2000 	C:\WINDOWS\System32\msvproc.dll
0x00007ffdcaac0000 - 0x00007ffdcaafb000 	C:\Windows\System32\colorcnv.dll
0x00007ffdc0290000 - 0x00007ffdc029b000 	C:\Windows\System32\msdmo.dll

dbghelp: loaded successfully - version: 4.0.5 - missing functions: none
symbol engine: initialized successfully - sym options: 0x614 - pdb path: .;C:\Program Files\Java\jdk-12.0.1\bin;C:\WINDOWS\SYSTEM32;C:\WINDOWS\WinSxS\amd64_microsoft.windows.common-controls_6595b64144ccf1df_6.0.18362.145_none_e6c3ab8b131013d6;C:\Program Files\Java\jdk-12.0.1\bin\server;C:\opencv\opencv\build\java\x64;C:\WINDOWS\System32\DriverStore\FileRepository\igdlh64.inf_amd64_31ba00ea6900d67d

VM Arguments:
jvm_args: -Dfile.encoding=windows-1252 -Duser.country=IN -Duser.language=en -Duser.variant 
java_command: MyFrame
java_class_path (initial): C:\Users\pisha\Documents\GitHub\FaceToHeart\build\classes\java\main;C:\Users\pisha\Documents\GitHub\FaceToHeart\build\resources\main;C:\Users\pisha\Documents\GitHub\FaceToHeart\libs\minim-2.2.2.jar;C:\Users\pisha\Documents\GitHub\FaceToHeart\libs\opencv-410.jar
Launcher Type: SUN_STANDARD

[Global flags]
     intx CICompilerCount                          = 4                                         {product} {ergonomic}
     uint ConcGCThreads                            = 2                                         {product} {ergonomic}
     uint G1ConcRefinementThreads                  = 8                                         {product} {ergonomic}
   size_t G1HeapRegionSize                         = 1048576                                   {product} {ergonomic}
    uintx GCDrainStackTargetSize                   = 64                                        {product} {ergonomic}
   size_t InitialHeapSize                          = 134217728                                 {product} {ergonomic}
   size_t MarkStackSize                            = 4194304                                   {product} {ergonomic}
   size_t MaxHeapSize                              = 2118123520                                {product} {ergonomic}
   size_t MaxNewSize                               = 1270874112                                {product} {ergonomic}
   size_t MinHeapDeltaBytes                        = 1048576                                   {product} {ergonomic}
    uintx NonNMethodCodeHeapSize                   = 5836300                                {pd product} {ergonomic}
    uintx NonProfiledCodeHeapSize                  = 122910970                              {pd product} {ergonomic}
    uintx ProfiledCodeHeapSize                     = 122910970                              {pd product} {ergonomic}
    uintx ReservedCodeCacheSize                    = 251658240                              {pd product} {ergonomic}
     bool SegmentedCodeCache                       = true                                      {product} {ergonomic}
     bool UseCompressedClassPointers               = true                                 {lp64_product} {ergonomic}
     bool UseCompressedOops                        = true                                 {lp64_product} {ergonomic}
     bool UseG1GC                                  = true                                      {product} {ergonomic}
     bool UseLargePagesIndividualAllocation        = false                                  {pd product} {ergonomic}

Logging:
Log output configuration:
 #0: stdout all=warning uptime,level,tags
 #1: stderr all=off uptime,level,tags

Environment Variables:
PATH=C:\Program Files\NVIDIA GPU Computing Toolkit\CUDA\v10.0\bin;C:\Program Files\NVIDIA GPU Computing Toolkit\CUDA\v10.0\libnvvp;C:\tools\cuda\bin;C:\Program Files\Python37\Scripts\;C:\Program Files\Python37\;C:\Program Files\iis express\PHP\v7.2;C:\Windows\system32\inetsrv;C:\Program Files (x86)\Intel\iCLS Client\;C:\Program Files\Intel\iCLS Client\;C:\Windows\system32;C:\Windows;C:\Windows\System32\Wbem;C:\Windows\System32\WindowsPowerShell\v1.0\;C:\Program Files (x86)\Intel\Intel(R) Management Engine Components\DAL;C:\Program Files\Intel\Intel(R) Management Engine Components\DAL;C:\Program Files (x86)\Intel\Intel(R) Management Engine Components\IPT;C:\Program Files\Intel\Intel(R) Management Engine Components\IPT;C:\Program Files (x86)\NVIDIA Corporation\PhysX\Common;C:\Windows\System32\OpenSSH\;C:\Program Files\Intel\WiFi\bin\;C:\Program Files\Common Files\Intel\WirelessCommon\;C:\Program Files\NVIDIA Corporation\NVIDIA NvDLISR;C:\Program Files\Microsoft VS Code\bin;C:\Program Files\Git\cmd;C:\Program Files\dotnet\;C:\Program Files\Microsoft SQL Server\130\Tools\Binn\;C:\Program Files\Microsoft SQL Server\Client;C:\WINDOWS\system32;C:\WINDOWS;C:\WINDOWS\System32\Wbem;C:\WINDOWS\System32\WindowsPowerShell\v1.0\;C:\WINDOWS\System32\OpenSSH\;C:\Program Files\nodejs\;C:\opencv\opencv\build\java\x64\;C:\Users\pisha\AppData\Local\Microsoft\WindowsApps;C:\Users\pisha\AppData\Local\GitHubDesktop\bin;C:\Program Files\JetBrains\PyCharm Community Edition 2019.1.3\bin;;C:\Users\pisha\AppData\Local\Microsoft\WindowsApps;C:\Users\pisha\AppData\Roaming\npm;C:\Program Files\JetBrains\PyCharm Community Edition with Anaconda plugin 2019.1.3\bin;;C:\Program Files\JetBrains\IntelliJ IDEA Community Edition 2019.1.3\bin;;
USERNAME=pisha
OS=Windows_NT
PROCESSOR_IDENTIFIER=Intel64 Family 6 Model 142 Stepping 10, GenuineIntel



---------------  S Y S T E M  ---------------

OS: Windows 10 , 64 bit Build 18362 (10.0.18362.86)

CPU:total 8 (initial active 8) (4 cores per cpu, 2 threads per core) family 6 model 142 stepping 10, cmov, cx8, fxsr, mmx, sse, sse2, sse3, ssse3, sse4.1, sse4.2, popcnt, avx, avx2, aes, clmul, erms, 3dnowpref, lzcnt, ht, tsc, tscinvbit, bmi1, bmi2, adx, fma

Memory: 4k page, system-wide physical 8078M (3266M free)
TotalPageFile size 9998M (AvailPageFile size 3123M)
current process WorkingSet (physical memory assigned to process): 63M, peak: 63M
current process commit charge ("private bytes"): 227M, peak: 228M

vm_info: Java HotSpot(TM) 64-Bit Server VM (12.0.1+12) for windows-amd64 JRE (12.0.1+12), built on Apr  2 2019 14:02:19 by "mach5one" with MS VC++ 15.5 (VS2017)

END.
